計測開始日　　2022/04/19 16:10:00


操作人：三林 真夕梨 2022-04-19 18:04:40
チェック処理前5CODE　array (
  0 => '5176',
)
チェック処理開始　1回繰り返す
チェックした5CODE　5176
チェック処理終了

チェック処理終了後正常5CODE　array (
  0 => '5176',
)
チェック処理判定結果　正常
PJ終了処理前5CODE　array (
  0 => '5176',
)
PJ終了処理開始
PJ終了処理後5CODEarray (
  0 => '5176',
)
PJ終了処理終了
PJ終了処理結果：　正常



操作人：三林 真夕梨 2022-04-19 18:10:50
チェック処理前5CODE　array (
  0 => '5573',
)
チェック処理開始　1回繰り返す
チェックした5CODE　5573
チェック処理終了

チェック処理終了後正常5CODE　array (
  0 => '5573',
)
チェック処理判定結果　正常



操作人：三林 真夕梨 2022-04-19 18:11:20
チェック処理前5CODE　array (
  0 => '5903',
  1 => '5570',
)
チェック処理開始　2回繰り返す
チェックした5CODE　5903
進捗エラー5CODE　5903
チェックした5CODE　5570
チェック処理終了

チェック処理終了後正常5CODE　array (
  0 => '5570',
)
チェック処理判定結果　異常



操作人：三林 真夕梨 2022-04-20 08:48:00
チェック処理前5CODE　array (
  0 => '5860',
  1 => '5903',
)
チェック処理開始　2回繰り返す
チェックした5CODE　5860
チェックした5CODE　5903
進捗エラー5CODE　5903
チェック処理終了

チェック処理終了後正常5CODE　array (
  0 => '5860',
)
チェック処理判定結果　異常
